<?xml version="1.0" encoding="UTF-8"?>
<testng-results ignored="0" total="1" passed="1" failed="0" skipped="0">
  <reporter-output>
  </reporter-output>
  <suite started-at="2021-02-16T17:31:51Z" name="Default suite" finished-at="2021-02-16T17:32:10Z" duration-ms="18488">
    <groups>
    </groups>
    <test started-at="2021-02-16T17:31:51Z" name="Default test" finished-at="2021-02-16T17:32:10Z" duration-ms="18488">
      <class name="practice.launchSpicejet">
        <test-method signature="webDriverManagerChrome()[pri:0, instance:practice.launchSpicejet@18df8434]" started-at="2021-02-16T23:01:51Z" name="webDriverManagerChrome" finished-at="2021-02-16T23:02:10Z" duration-ms="18443" status="PASS">
          <reporter-output>
          </reporter-output>
        </test-method> <!-- webDriverManagerChrome -->
      </class> <!-- practice.launchSpicejet -->
    </test> <!-- Default test -->
  </suite> <!-- Default suite -->
</testng-results>
